<?xml version="1.0" encoding="UTF-8"?>
<!-- Generated by org.testng.reporters.JUnitReportReporter -->
<testsuite hostname="DESKTOP-A0713LM" failures="0" tests="1" name="frameworkchecking.EntireFrameWorkCheck" time="0.141" errors="0" timestamp="2023-10-30T13:58:38 IST" skipped="0">
  <testcase classname="frameworkchecking.EntireFrameWorkCheck" name="sampleTestCase" time="0.141"/>
  <system-out/>
</testsuite> <!-- frameworkchecking.EntireFrameWorkCheck -->
