<?xml version="1.0" encoding="UTF-8"?>
<!-- Generated by org.testng.reporters.JUnitReportReporter -->
<testsuite hostname="DESKTOP-A0713LM" failures="0" tests="2" name="frameworkchecking.ExcelUtilityCheck" time="0.008" errors="0" timestamp="2023-10-27T21:08:20 IST" skipped="0">
  <testcase classname="frameworkchecking.ExcelUtilityCheck" name="read" time="0.001"/>
  <system-out/>
  <testcase classname="frameworkchecking.ExcelUtilityCheck" name="read" time="0.007"/>
  <system-out/>
</testsuite> <!-- frameworkchecking.ExcelUtilityCheck -->
