<?xml version="1.0" encoding="UTF-8"?>
<!-- Generated by org.testng.reporters.JUnitReportReporter -->
<testsuite hostname="DESKTOP-A0713LM" failures="0" tests="2" name="Login.DWS_Login_01_Test" time="4.075" errors="0" timestamp="2023-11-05T21:22:49 IST" skipped="0">
  <testcase classname="Login.DWS_Login_01_Test" name="login_to_application" time="2.066"/>
  <system-out/>
  <testcase classname="Login.DWS_Login_01_Test" name="login_to_application" time="2.009"/>
  <system-out/>
</testsuite> <!-- Login.DWS_Login_01_Test -->
