<?xml version="1.0" encoding="UTF-8"?>
<!-- Generated by org.testng.reporters.JUnitReportReporter -->
<testsuite hostname="DESKTOP-A0713LM" failures="0" tests="1" name="Login.Dws_Jewlery_01_Test" time="3.097" errors="0" timestamp="2023-11-03T20:46:27 IST" skipped="0">
  <testcase classname="Login.Dws_Jewlery_01_Test" name="jewlery" time="3.097"/>
  <system-out/>
</testsuite> <!-- Login.Dws_Jewlery_01_Test -->
