<?xml version="1.0" encoding="UTF-8"?>
<!-- Generated by org.testng.reporters.JUnitReportReporter -->
<testsuite hostname="DESKTOP-A0713LM" failures="0" tests="1" name="Login.Dws_CompareTwoProducts_01_Test" time="8.544" errors="0" timestamp="2023-11-03T15:07:18 IST" skipped="0">
  <testcase classname="Login.Dws_CompareTwoProducts_01_Test" name="Comparetwoproducts" time="8.544"/>
  <system-out/>
</testsuite> <!-- Login.Dws_CompareTwoProducts_01_Test -->
