<?xml version="1.0" encoding="UTF-8"?>
<!-- Generated by org.testng.reporters.JUnitReportReporter -->
<testsuite hostname="DESKTOP-A0713LM" failures="0" tests="1" name="Login.Dws_AddToCart_01_Test" time="2.570" errors="0" timestamp="2023-11-03T14:03:57 IST" skipped="0">
  <testcase classname="Login.Dws_AddToCart_01_Test" name="Addtocart" time="2.570"/>
  <system-out/>
</testsuite> <!-- Login.Dws_AddToCart_01_Test -->
